<?xml version="1.0" encoding="UTF-8"?>
<!-- Generated by org.testng.reporters.JUnitXMLReporter -->
<testsuite ignored="0" hostname="Shubham" failures="0" tests="6" name="EdgeTest" time="353.619" errors="0" timestamp="2025-04-15T13:05:23 IST">
  <testcase classname="TestCases.TC_0001_ValidateRegistaration" name="ValiadteRegistration" time="0.0">
    <skipped/>
  </testcase> <!-- ValiadteRegistration -->
  <testcase classname="TestCases.TC_0001_ValidateRegistaration" name="ValiadteRegistration" time="0.001">
    <skipped/>
  </testcase> <!-- ValiadteRegistration -->
  <testcase classname="TestCases.TC_0001_ValidateRegistaration" name="ValiadteRegistration" time="0.0">
    <skipped/>
  </testcase> <!-- ValiadteRegistration -->
  <testcase classname="TestCases.TC_0001_ValidateRegistaration" name="ValiadteRegistration" time="0.0">
    <skipped/>
  </testcase> <!-- ValiadteRegistration -->
  <testcase classname="TestCases.TC_0001_ValidateRegistaration" name="ValiadteRegistration" time="0.0">
    <skipped/>
  </testcase> <!-- ValiadteRegistration -->
  <testcase classname="TestCases.TC_0002_Valiadte_Login" name="ValidateLoginTest" time="0.0">
    <skipped/>
  </testcase> <!-- ValidateLoginTest -->
</testsuite> <!-- EdgeTest -->
